Arguments: 
  /usr/local/bin/node /usr/local/bin/yarn start

PATH: 
  /usr/local/bin:/usr/bin:/bin:/usr/sbin:/sbin:/Library/TeX/texbin:/opt/X11/bin:/Library/Apple/usr/bin:/usr/local/Cellar:/Users/henron/.rvm/bin:/Users/henron/Library/Android/sdk/tools/bin:/Users/henron/Library/Android/sdk/platform-tools

Yarn version: 
  1.5.1

Node version: 
  12.17.0

Platform: 
  darwin x64

npm manifest: 
  {
    "name": "prismblog",
    "version": "1.0.0",
    "description": "a daily blog of my prisms",
    "main": "index.js",
    "scripts": {
      "start": "node index.js",
      "test": "echo \"Error: no test specified\" && exit 1"
    },
    "repository": {
      "type": "git",
      "url": "git+https://github.com/hvandusen/prismblog.git"
    },
    "author": "",
    "license": "ISC",
    "bugs": {
      "url": "https://github.com/hvandusen/prismblog/issues"
    },
    "homepage": "https://github.com/hvandusen/prismblog#readme",
    "dependencies": {
      "datauri": "^0.7.1",
      "express": "^4.17.1",
      "jade": "*",
      "jsdom": "^15.1.1",
      "mongodb": "^3.3.2",
      "mongoose": "^4.1.4",
      "node-schedule": "^0.2.9",
      "nunjucks": "^3.2.0",
      "paper": "^0.12.3",
      "paper-jsdom": "^0.12.3",
      "svg2png": "^1.1.1",
      "twilio": "^2.3.0",
      "underscore": "^1.8.3"
    }
  }

yarn manifest: 
  No manifest

Lockfile: 
  No lockfile

Trace: 
  Error: Command failed.
  Exit code: 1
  Command: sh
  Arguments: -c node index.js
  Directory: /Users/henron/comp_projects/prismblog
  Output:
  
      at ProcessTermError.MessageError (/usr/local/lib/node_modules/yarn/lib/cli.js:186:110)
      at new ProcessTermError (/usr/local/lib/node_modules/yarn/lib/cli.js:226:113)
      at ChildProcess.<anonymous> (/usr/local/lib/node_modules/yarn/lib/cli.js:30281:17)
      at ChildProcess.emit (events.js:315:20)
      at maybeClose (internal/child_process.js:1021:16)
      at Process.ChildProcess._handle.onexit (internal/child_process.js:286:5)
